<?xml version="1.0" encoding="UTF-8"?>
<!-- Generated by org.testng.reporters.JUnitXMLReporter -->
<testsuite ignored="0" hostname="Lets_do_it" failures="0" tests="4" name="Default test" time="4.733" errors="0" timestamp="2023-03-12T19:30:36 CDT">
  <testcase classname="DiffrentRequestBodyTest" name="externalJSONFileRequest" time="2.794"/>
  <testcase classname="DiffrentRequestBodyTest" name="hashmapRequest" time="0.902"/>
  <testcase classname="DiffrentRequestBodyTest" name="jsonRequest" time="0.497"/>
  <testcase classname="DiffrentRequestBodyTest" name="pojoRequest" time="0.503"/>
</testsuite> <!-- Default test -->
